<?xml version="1.0" encoding="UTF-8"?>
<testng-results skipped="0" failed="0" ignored="0" total="1" passed="1">
  <reporter-output>
  </reporter-output>
  <suite name="Default suite" duration-ms="14727" started-at="2018-02-11T07:37:37Z" finished-at="2018-02-11T07:37:52Z">
    <groups>
      <group name="Regression">
        <method signature="TestClass.test1()[pri:1, instance:TestNgTest.TestClass@50c87b21]" name="test1" class="TestNgTest.TestClass"/>
      </group> <!-- Regression -->
      <group name="Smoke">
        <method signature="TestClass.test1()[pri:1, instance:TestNgTest.TestClass@50c87b21]" name="test1" class="TestNgTest.TestClass"/>
      </group> <!-- Smoke -->
    </groups>
    <test name="Default test" duration-ms="14727" started-at="2018-02-11T07:37:37Z" finished-at="2018-02-11T07:37:52Z">
      <class name="TestNgTest.TestClass">
        <test-method status="PASS" signature="test1()[pri:1, instance:TestNgTest.TestClass@50c87b21]" name="test1" duration-ms="14672" started-at="2018-02-11T13:07:37Z" finished-at="2018-02-11T13:07:52Z">
          <reporter-output>
          </reporter-output>
        </test-method> <!-- test1 -->
      </class> <!-- TestNgTest.TestClass -->
    </test> <!-- Default test -->
  </suite> <!-- Default suite -->
</testng-results>
